<?xml version="1.0" encoding="UTF-8"?>
<!-- Generated by org.testng.reporters.JUnitReportReporter -->
<testsuite hostname="MT-5CD12777HJ" failures="0" tests="1" name="Runner.Script1" time="75.854" errors="0" timestamp="2021-11-22T12:30:41 IST" skipped="0">
  <testcase classname="Runner.Script1" name="TC1" time="75.854"/>
  <system-out/>
</testsuite> <!-- Runner.Script1 -->
